[population]
males=49950,49579,49551,49539,49519,49510,49499,49489,49483,49478,49468,49466,49461,49451,49429,49410,49387,49352,49305,49260,49209,49143,49093,49019,48946,48890,48822,48754,48683,48612,48554,48492,48430,48353,48285,48215,48137,48062,47968,47855,47749,47623,47482,47342,47190,46997,46813,46602,46353,46162,45925,45632,45359,45018,44710,44375,43999,43606,43200,42767,42281,41753,41204,40555,39866,39133,38398,37593,36763,35824,34857,33849,32769,31620,30341,29069,27727,26344,24875,23440,21938,20377,18818,17239,15624,14054,12498,11052,9625,8253,7012,5833,4840,3895,3097,2401,1838,1370,1027,708
females=50050,49758,49739,49727,49712,49707,49695,49689,49684,49683,49676,49673,49663,49663,49650,49637,49631,49621,49603,49581,49564,49542,49522,49494,49468,49441,49410,49377,49339,49308,49272,49249,49215,49185,49138,49096,49039,48984,48934,48857,48790,48730,48654,48574,48483,48384,48275,48159,48030,47881,47705,47538,47389,47220,47003,46786,46523,46253,45971,45661,45343,44985,44587,44161,43714,43240,42686,42116,41503,40833,40098,39348,38598,37761,36822,35845,34791,33591,32348,31079,29789,28369,26809,25214,23577,21814,20024,18233,16476,14732,12944,11192,9568,8061,6738,5516,4416,3434,2603,1940
[detectedCancers]
males=0,0,0,0,0,0,0,0,0,0,0,0,0,0,0,0,0,0,0,0,0,0,1,0,1,1,0,0,0,0,1,1,1,0,1,1,3,1,3,5,7,9,8,7,10,12,13,8,13,17,21,26,25,40,32,44,42,52,54,45,49,72,61,58,74,90,76,89,103,96,128,106,119,110,123,122,117,98,121,121,96,110,110,101,81,99,69,62,63,46,40,33,24,22,16,18,19,14,7,3
females=0,0,0,0,0,0,0,0,0,0,0,0,0,0,0,0,0,0,0,0,0,1,0,0,0,0,0,1,1,4,1,2,2,0,0,5,3,3,4,5,6,3,7,4,10,3,7,11,12,11,28,11,23,18,20,27,42,32,49,40,51,47,54,54,64,84,58,75,81,69,83,81,101,109,96,131,108,100,118,108,111,128,94,93,97,87,88,90,84,59,61,47,47,39,37,28,23,12,9,5
[totalDetectedCancers]
count=0,0,0,0,0,0,0,0,0,0,0,0,0,0,0,0,0,0,0,0,0,1,1,0,1,1,0,1,1,4,2,3,3,0,1,6,6,4,7,10,13,12,15,11,20,15,20,19,25,29,49,38,48,58,53,75,84,84,107,86,102,121,116,113,139,176,140,164,194,174,222,193,230,224,229,280,232,203,255,244,216,252,214,205,185,200,169,160,155,110,104,89,73,64,54,47,43,27,16,8
[cancerDeaths]
total=2556
[lifeyearslost]
cancer=0,0,0,0,0,0,0,0,0,0,0,0,0,0,0,0,0,0,0,0,0,0,0,1,1,1,2,1,3.60589,3,3,4,7,8,8,8,10,12,12,15,16,18,19.7309,26,29,34,39,47,51,63,68.8587,73,90.2954,103,119,139.853,153,170,203.047,237,272.26,305.576,340.121,362.315,390.654,426.333,478.625,515.592,555.545,581.435,606.063,667.425,722.224,772.979,823.878,878.914,935.182,974.978,992.078,988.324,997.862,1014.09,1026.22,1017.01,1005.49,975.224,954.326,871.165,821.856,736.532,700.025,608.282,545.726,474.163,402.548,344.611,274.026,221.5,155.258,89.0554
colo=0,0,0,0,0,0,0,0,0,0,0,0,0,0,0,0,0,0,0,0,0,0,0,0,0,0,0,0,0,0,0,0,0,0,0,0,0,0,0,0,0,0,0,0,0,0,0,0,0,0,0,0,0,0,0,0,0,0,0,0,0,0,0,0,0,0,0,0,0,0,0,0,0,0,0,0,0,0,0,0,0,0,0,0,1,1,1,1,1,1,1,1,1,1,0,0.0927658,0,0,0,0
[peopleWithPolyps]
males=0,0,0,0,0,0,0,0,0,0,0,0,0,0,0,0,0,0,0,0,0,0,0,0,0,0,0,0,0,0,0,0,0,0,0,0,0,0,0,0,0,0,0,0,0,0,0,0,0,0,0,0,0,0,0,0,0,0,0,0,0,0,0,0,0,0,0,0,0,0,0,0,0,0,0,0,0,0,0,0,0,0,0,0,0,0,0,0,0,0,0,0,0,0,0,0,0,0,0,0
females=0,0,0,0,0,0,0,0,0,0,0,0,0,0,0,0,0,0,0,0,0,0,0,0,0,0,0,0,0,0,0,0,0,0,0,0,0,0,0,0,0,0,0,0,0,0,0,0,0,0,0,0,0,0,0,0,0,0,0,0,0,0,0,0,0,0,0,0,0,0,0,0,0,0,0,0,0,0,0,0,0,0,0,0,0,0,0,0,0,0,0,0,0,0,0,0,0,0,0,0
[peopleWithAdvancedPolyps]
males=0,0,0,0,0,0,0,0,0,0,0,0,0,0,0,0,0,0,0,0,0,0,0,0,0,0,0,0,0,0,0,0,0,0,0,0,0,0,0,0,0,0,0,0,0,0,0,0,0,0,0,0,0,0,0,0,0,0,0,0,0,0,0,0,0,0,0,0,0,0,0,0,0,0,0,0,0,0,0,0,0,0,0,0,0,0,0,0,0,0,0,0,0,0,0,0,0,0,0,0
females=0,0,0,0,0,0,0,0,0,0,0,0,0,0,0,0,0,0,0,0,0,0,0,0,0,0,0,0,0,0,0,0,0,0,0,0,0,0,0,0,0,0,0,0,0,0,0,0,0,0,0,0,0,0,0,0,0,0,0,0,0,0,0,0,0,0,0,0,0,0,0,0,0,0,0,0,0,0,0,0,0,0,0,0,0,0,0,0,0,0,0,0,0,0,0,0,0,0,0,0
[numberColonoscopies]
males=0,0,0,0,0,0,0,0,0,0,0,0,0,0,0,0,0,0,0,0,0,0,1,0,1,2,1,0,0,0,1,2,2,0,2,2,4,3,5,9,14,17,17,21,21,30,29,23,36,43,52,61,63,87,104,107,114,134,151,150,160,179,206,208,210,272,259,262,320,343,342,383,389,381,427,422,416,384,431,430,382,397,411,388,369,332,302,272,252,238,198,169,145,115,83,86,67,62,39,21
females=0,0,0,0,0,0,0,0,0,0,0,0,0,0,0,0,0,0,0,0,0,1,1,0,0,1,0,1,1,5,6,3,5,5,0,8,9,5,11,12,15,12,14,19,21,20,17,26,37,30,52,53,51,62,65,66,100,100,112,131,130,146,164,162,188,216,211,235,248,276,261,276,314,338,365,366,367,389,386,406,408,404,406,376,363,385,356,346,333,275,261,220,210,188,152,136,109,81,53,41
[polypSumm]
males=6,1,0,0,0,0,28,3,2,1,0,0,50,11,2,1,1,0,69,15,8,2,2,0,74,28,11,2,4,0,86,44,16,4,4,0,105,52,21,7,4,0,117,53,24,11,7,0,146,62,27,9,13,0,177,67,35,10,14,1,183,88,38,17,16,1,213,79,54,22,20,2,228,91,61,23,25,2,258,116,62,28,29,2,275,149,63,34,35,2,298,176,74,35,42,2,329,188,96,36,53,2,352,203,116,41,59,2,384,233,134,47,61,5,443,239,148,51,76,6,492,244,171,64,82,6,515,272,192,74,94,6,555,300,225,74,106,7,599,343,260,75,121,8,671,386,276,83,137,8,715,402,304,105,149,12,736,423,343,117,164,13,817,445,371,126,186,13,884,501,393,145,211,14,1010,539,431,149,248,18,1049,599,471,172,263,21,1094,649,490,190,294,24,1181,725,529,199,324,29,1278,792,604,201,365,34,1428,829,646,237,391,43,1472,916,700,251,435,49,1551,950,785,277,465,51,1619,1056,816,301,506,69,1674,1157,893,325,548,78,1868,1190,974,358,588,85,2005,1243,1086,382,650,89,1997,1318,1176,388,724,100,2163,1379,1261,445,767,110,2342,1439,1293,504,842,122,2495,1558,1384,543,896,144,2546,1630,1490,577,961,159,2581,1731,1516,639,1046,183,2708,1809,1574,690,1107,207,2879,1909,1634,729,1198,227,3034,1985,1738,746,1290,247,3158,2101,1805,815,1365,275,3225,2155,1929,831,1474,289,3379,2250,2047,871,1517,325,3496,2333,2119,935,1589,345,3640,2365,2173,965,1696,378,3773,2509,2226,1017,1777,414,3823,2639,2350,1040,1850,465,3855,2704,2468,1091,1914,491,3982,2767,2517,1164,1982,520,4157,2834,2560,1224,2090,543,4117,2884,2667,1252,2158,594,4152,2950,2725,1307,2206,629,4104,3040,2781,1360,2243,687,4170,3019,2861,1330,2315,742,4167,3070,2904,1347,2362,790,4204,3037,2917,1394,2374,833,4129,3078,2942,1420,2394,864,4092,3074,2941,1422,2434,894,3952,3065,3046,1380,2465,909,3926,3083,3043,1383,2448,942,3822,3043,3003,1427,2389,956,3719,3025,2938,1412,2363,981,3597,3047,2830,1413,2323,1022,3456,2950,2838,1419,2270,1022,3333,2795,2835,1351,2243,1020,3161,2716,2730,1337,2190,1033,3009,2663,2539,1326,2104,1013,2883,2526,2499,1263,2026,986,2732,2354,2398,1208,1954,955,2567,2230,2215,1221,1853,926,2456,2011,2145,1159,1714,891,2290,1883,2021,1078,1629,852,2129,1782,1834,992,1504,806,1950,1635,1672,910,1409,755,1794,1467,1541,864,1222,701,1623,1320,1390,783,1113,616,1464,1180,1263,684,982,573,1287,1021,1110,627,850,524,1098,903,1011,550,713,483,960,795,827,481,632,414,828,666,676,425,526,362,701,544,563,365,420,295,596,445,472,324,346,234,464,363,371,272,281,185,376,289,276,200,236,150,290,225,218,147,190,117,207,187,168,110,137,86,166,126,126,78,92,67,123,88,99,61,66,51,97,59,60,49,39,40
females=3,0,0,0,0,0,12,2,0,0,0,0,22,4,3,0,1,0,23,11,5,0,2,0,33,13,5,0,3,0,32,22,7,0,4,0,43,18,13,3,3,1,51,21,15,3,6,1,60,21,19,1,8,1,59,32,18,4,8,1,75,40,20,4,8,1,79,41,26,7,10,1,95,45,37,4,12,1,98,57,40,6,16,1,107,75,43,10,20,1,127,69,55,10,25,1,146,80,50,16,24,2,141,82,65,22,26,2,146,104,70,30,28,2,170,110,70,33,38,1,177,130,87,30,47,1,198,144,101,29,52,1,224,155,129,29,59,1,269,168,135,44,64,2,280,181,158,53,73,3,309,189,178,58,81,4,323,218,191,71,85,6,367,234,207,82,95,6,366,264,221,75,121,5,403,280,255,77,132,8,420,308,275,88,147,10,449,340,287,94,167,14,538,336,313,113,180,18,545,368,344,121,202,20,617,423,355,141,218,19,670,469,388,165,236,25,699,517,432,185,256,28,788,554,472,212,277,30,848,595,540,220,312,30,898,645,594,231,339,35,929,695,649,277,356,41,998,702,712,295,379,48,1056,760,760,305,436,46,1148,839,793,328,481,58,1255,915,836,345,527,71,1315,974,914,381,561,83,1331,1045,983,409,609,91,1399,1098,1071,416,662,104,1491,1176,1133,442,711,120,1560,1239,1233,443,767,130,1630,1326,1295,479,814,144,1748,1363,1376,526,877,160,1782,1385,1444,563,923,181,1843,1452,1532,620,960,204,1942,1504,1573,682,998,216,1996,1566,1624,713,1037,245,2013,1606,1739,717,1111,266,2052,1691,1790,751,1173,286,2138,1795,1842,776,1229,311,2338,1816,1925,816,1283,329,2365,1873,1937,883,1346,354,2464,1929,2010,896,1407,383,2531,1989,2010,943,1463,410,2630,2058,2059,969,1512,430,2690,2085,2153,1006,1548,453,2742,2141,2199,1025,1542,510,2682,2131,2265,1047,1575,530,2733,2219,2261,1137,1561,545,2807,2239,2288,1162,1566,594,2826,2250,2352,1165,1594,617,2802,2307,2388,1174,1602,619,2764,2314,2409,1215,1605,615,2704,2317,2418,1224,1601,623,2748,2332,2402,1240,1590,615,2813,2276,2380,1261,1553,646,2732,2252,2374,1212,1552,661,2676,2264,2347,1197,1520,657,2571,2186,2333,1176,1490,664,2516,2090,2256,1154,1481,648,2420,2075,2222,1113,1450,627,2343,1994,2164,1051,1396,625,2229,1947,2090,1008,1343,617,2134,1884,1987,994,1262,589,2001,1795,1875,949,1194,572,1907,1646,1824,895,1114,550,1753,1540,1725,840,1020,522,1622,1430,1571,794,932,486,1493,1323,1402,758,828,433,1405,1184,1284,697,725,390,1279,1055,1137,594,661,346,1087,920,1022,524,589,303,923,809,899,483,493,252,803,708,759,399,406,215,696,572,643,338,347,179,595,491,541,269,275,151,487,426,415,225,238,123,398,342,340,181,185,100,290,264,263,146,140,78,223,197,193,95,110,60,156,150,133,68,91,52
[costs]
coloNoTumorAndNoPolypsTreat=0,0,0,0,0,0,0,0,0,0,0,0,0,0,0,0,0,0,0,0,0,0,0,0,0,0,0,0,0,0,0,0,1,0,0,0,0,0,0,0,0,1,0,1,0,0,0,1,1,0,1,0,0,2,2,1,2,4,0,1,6,2,7,4,1,2,1,3,2,2,2,4,3,1,1,5,1,1,2,4,4,3,6,1,6,2,1,0,1,0,2,1,2,2,0,0,0,0,0,0
coloTumorNoPolypsTreat=0,0,0,0,0,0,0,0,0,0,0,0,0,0,0,0,0,0,0,0,0,1,1,0,0,0,0,0,1,4,2,3,3,0,1,6,4,4,4,8,10,9,9,8,13,10,15,13,12,14,25,20,30,32,27,32,52,36,48,45,40,56,55,45,45,70,46,61,79,61,69,76,69,87,77,75,68,70,81,73,68,68,78,64,70,64,54,62,51,35,41,24,26,27,17,12,14,9,7,4
coloNoTumorAndPolypsTreat=0,0,0,0,0,0,0,0,0,0,0,0,0,0,0,0,0,0,0,0,0,0,0,0,0,0,0,0,0,0,0,0,0,0,0,0,0,0,0,0,0,0,0,0,0,0,0,0,2,0,0,2,2,1,2,1,0,2,1,1,2,5,2,3,2,4,3,3,3,4,6,4,2,6,5,6,6,6,11,7,5,10,9,4,2,6,4,3,2,1,8,2,5,0,1,1,0,0,1,1
numPerforationsTreat=0,0,0,0,0,0,0,0,0,0,0,0,0,0,0,0,0,0,0,0,0,0,0,0,0,0,0,0,0,0,0,0,0,0,0,0,0,0,0,0,0,0,0,0,0,0,0,0,0,0,0,0,0,0,0,0,0,0,0,1,0,0,0,0,0,0,0,0,0,0,1,0,0,0,0,0,0,0,0,0,0,1,0,0,0,1,0,0,0,0,0,0,0,0,0,0,0,0,0,0
numSerosaTreat=0,0,0,0,0,0,0,0,0,0,0,0,0,0,0,0,0,0,0,0,0,0,0,0,0,0,0,0,0,0,0,0,0,0,0,0,0,0,0,0,0,0,0,0,0,0,0,0,0,0,0,0,0,0,0,0,0,0,0,0,0,0,0,0,0,0,0,0,0,0,0,0,0,0,0,0,0,0,0,0,0,0,0,0,0,0,0,0,0,0,0,0,0,0,0,0,0,0,0,0
numBleedingTreat=0,0,0,0,0,0,0,0,0,0,0,0,0,0,0,0,0,0,0,0,0,0,0,0,0,0,0,0,0,0,0,0,0,0,0,0,0,0,0,0,0,0,0,0,0,0,0,0,0,0,0,0,0,0,0,0,0,0,0,0,0,0,1,0,0,0,0,0,0,0,0,0,0,1,0,0,1,1,1,1,0,0,0,0,0,0,1,0,0,0,0,0,0,0,0,0,0,0,0,0
numBleedingTransfTreat=0,0,0,0,0,0,0,0,0,0,0,0,0,0,0,0,0,0,0,0,0,0,0,0,0,0,0,0,0,0,0,0,0,0,0,0,0,0,0,0,0,0,0,0,0,0,0,0,0,0,0,0,0,0,0,0,0,0,0,0,0,0,0,0,0,0,1,0,0,0,0,0,0,0,0,0,0,1,0,0,0,0,0,0,0,0,0,0,0,0,0,0,0,0,0,0,0,0,0,0
coloNoTumorAndNoPolypsFollowup=0,0,0,0,0,0,0,0,0,0,0,0,0,0,0,0,0,0,0,0,0,0,1,0,0,2,1,0,0,1,5,2,3,5,1,4,6,3,9,10,14,14,15,23,17,32,20,24,35,28,37,50,39,66,76,63,92,90,100,108,97,116,139,147,134,171,174,159,179,236,190,217,238,223,262,240,260,249,279,276,265,259,269,268,255,263,236,228,211,199,188,159,137,111,94,87,61,63,41,24
coloTumorNoPolypsFollowup=0,0,0,0,0,0,0,0,0,0,0,0,0,0,0,0,0,0,0,0,0,0,0,0,0,0,0,0,0,0,0,0,0,0,0,0,0,0,0,0,0,0,0,0,0,0,0,0,0,0,0,0,0,0,0,1,0,0,0,0,0,0,0,0,0,0,0,0,1,0,2,0,0,1,1,0,2,0,2,1,1,0,2,2,0,0,0,0,1,1,0,0,0,0,0,1,0,0,0,0
coloNoTumorAndPolypsFollowup=0,0,0,0,0,0,0,0,0,0,0,0,0,0,0,0,0,0,0,0,0,0,0,0,0,0,0,0,0,0,0,0,0,0,0,0,1,1,0,1,2,2,1,5,5,3,6,5,10,17,17,25,25,22,37,37,36,54,59,86,85,83,107,104,123,137,158,168,200,212,194,247,240,270,305,284,291,319,286,320,309,291,329,297,291,260,260,235,224,208,160,147,140,129,87,88,73,54,34,29
numPerforationsFollowup=0,0,0,0,0,0,0,0,0,0,0,0,0,0,0,0,0,0,0,0,0,0,0,0,0,0,0,0,0,0,0,0,0,0,0,0,0,0,0,0,0,0,0,0,0,0,0,0,0,0,0,1,0,0,0,0,0,0,0,0,1,1,0,0,1,0,1,1,0,0,2,2,1,1,1,0,0,0,0,0,0,0,1,0,1,1,1,3,0,1,0,0,0,0,0,0,0,0,0,0
numSerosaFollowup=0,0,0,0,0,0,0,0,0,0,0,0,0,0,0,0,0,0,0,0,0,0,0,0,0,0,0,0,0,0,0,0,0,0,0,0,0,0,0,0,0,0,0,0,0,0,0,0,0,0,0,0,0,0,0,0,0,0,0,0,0,0,0,0,0,0,0,0,0,0,1,0,0,0,1,0,0,0,0,1,0,0,0,0,0,0,0,1,0,0,3,0,0,0,0,0,0,0,0,0
numBleedingFollowup=0,0,0,0,0,0,0,0,0,0,0,0,0,0,0,0,0,0,0,0,0,0,0,0,0,0,0,0,0,0,0,0,0,0,0,0,0,0,0,0,0,0,0,0,0,0,0,0,0,0,0,0,1,0,0,0,0,0,0,0,0,0,1,0,0,0,1,1,1,0,0,0,0,3,0,0,0,0,1,2,1,0,1,1,2,2,0,1,2,0,0,0,0,0,0,0,0,1,1,0
numBleedingTransfFollowup=0,0,0,0,0,0,0,0,0,0,0,0,0,0,0,0,0,0,0,0,0,0,0,0,0,0,0,0,0,0,0,0,0,0,0,0,0,0,0,0,0,0,0,0,0,0,0,0,0,0,0,0,0,0,0,0,0,0,0,0,0,1,0,0,0,0,0,1,0,1,1,0,0,0,0,0,0,0,1,1,1,1,0,1,1,1,1,0,2,0,0,0,0,0,0,0,0,0,0,0
coloNoTumorAndNoPolypsScreen=0,0,0,0,0,0,0,0,0,0,0,0,0,0,0,0,0,0,0,0,0,0,0,0,0,0,0,0,0,0,0,0,0,0,0,0,0,0,0,0,0,0,0,0,0,0,0,0,0,0,0,0,0,0,0,0,0,0,0,0,0,0,0,0,0,0,0,0,0,0,0,0,0,0,0,0,0,0,0,0,0,0,0,0,0,0,0,0,0,0,0,0,0,0,0,0,0,0,0,0
coloTumorNoPolypsScreen=0,0,0,0,0,0,0,0,0,0,0,0,0,0,0,0,0,0,0,0,0,0,0,0,0,0,0,0,0,0,0,0,0,0,0,0,0,0,0,0,0,0,0,0,0,0,0,0,0,0,0,0,0,0,0,0,0,0,0,0,0,0,0,0,0,0,0,0,0,0,0,0,0,0,0,0,0,0,0,0,0,0,0,0,0,0,0,0,0,0,0,0,0,0,0,0,0,0,0,0
coloNoTumorAndPolypsScreen=0,0,0,0,0,0,0,0,0,0,0,0,0,0,0,0,0,0,0,0,0,0,0,0,0,0,0,0,0,0,0,0,0,0,0,0,0,0,0,0,0,0,0,0,0,0,0,0,0,0,0,0,0,0,0,0,0,0,0,0,0,0,0,0,0,0,0,0,0,0,0,0,0,0,0,0,0,0,0,0,0,0,0,0,0,0,0,0,0,0,0,0,0,0,0,0,0,0,0,0
numPerforationsScreen=0,0,0,0,0,0,0,0,0,0,0,0,0,0,0,0,0,0,0,0,0,0,0,0,0,0,0,0,0,0,0,0,0,0,0,0,0,0,0,0,0,0,0,0,0,0,0,0,0,0,0,0,0,0,0,0,0,0,0,0,0,0,0,0,0,0,0,0,0,0,0,0,0,0,0,0,0,0,0,0,0,0,0,0,0,0,0,0,0,0,0,0,0,0,0,0,0,0,0,0
numSerosaScreen=0,0,0,0,0,0,0,0,0,0,0,0,0,0,0,0,0,0,0,0,0,0,0,0,0,0,0,0,0,0,0,0,0,0,0,0,0,0,0,0,0,0,0,0,0,0,0,0,0,0,0,0,0,0,0,0,0,0,0,0,0,0,0,0,0,0,0,0,0,0,0,0,0,0,0,0,0,0,0,0,0,0,0,0,0,0,0,0,0,0,0,0,0,0,0,0,0,0,0,0
numBleedingScreen=0,0,0,0,0,0,0,0,0,0,0,0,0,0,0,0,0,0,0,0,0,0,0,0,0,0,0,0,0,0,0,0,0,0,0,0,0,0,0,0,0,0,0,0,0,0,0,0,0,0,0,0,0,0,0,0,0,0,0,0,0,0,0,0,0,0,0,0,0,0,0,0,0,0,0,0,0,0,0,0,0,0,0,0,0,0,0,0,0,0,0,0,0,0,0,0,0,0,0,0
numBleedingTransfScreen=0,0,0,0,0,0,0,0,0,0,0,0,0,0,0,0,0,0,0,0,0,0,0,0,0,0,0,0,0,0,0,0,0,0,0,0,0,0,0,0,0,0,0,0,0,0,0,0,0,0,0,0,0,0,0,0,0,0,0,0,0,0,0,0,0,0,0,0,0,0,0,0,0,0,0,0,0,0,0,0,0,0,0,0,0,0,0,0,0,0,0,0,0,0,0,0,0,0,0,0
StageIa=0,0,0,0,0,0,0,0,0,0,0,0,0,0,0,0,0,0,0,0,0,0,0,0,0,0,0,0,0,0,0.25,1,1,1.75,1.75,1,1,1.25,2,3,3.25,5.25,6.5,8.25,9.25,10,10.5,10,10.5,11.5,14,20.25,24.75,28,32.75,42.5,52.25,60.75,65.25,68,74.5,75.25,84,95.5,104,108.5,123,118.75,126.5,144.25,151.5,170,175.25,172.25,172,167.5,173.75,182.25,178.25,176.75,191.75,189.75,182.75,177.5,154.75,133.75,114.5,106.5,101.5,94,77,60,41.5,34.5,32.25,19.75,10.75,6.75,8.25,6.75
StageIb=0,0,0,0,0,0,0,0,0,0,0,0,0,0,0,0,0,0,0,0,0,0,0,0,0,0,0,0,0,0.25,0.75,0,0.75,0.25,0,0,1,1,1,0.25,3,2.25,2.75,2,4,2.75,2,1.75,5,5.5,9,6.5,9.25,11.25,18.5,17.5,18.5,16,23.75,23,18.75,24,31.75,33,27,41,33.5,36.75,43,46.75,54.75,47.5,43.5,46.75,52.75,57.5,54.25,50,53.5,66.5,54,56,55.25,42.25,33.25,31,41.25,39,28.25,16.5,17.75,15.75,13.25,12.5,4.75,7,3.25,6.75,4,0.75
StageIc=0,0,0,0,0,0,0,0,0,0,0,0,0,0,0,0,0,0,0,0,0,0,0,0,0,0,0,0,0,0,0,0,0,0,0,0,0,0,0,0,0,0,0,0,0.75,0.25,0,0,0,0,0.25,0.75,0.25,1.25,1.5,0.75,0.75,0.5,0,3.5,1.5,1.25,0.75,0.25,1.75,1.75,0.5,2.25,2.25,2.25,3.25,4.75,5.5,6.5,7,8,11,4,4,4.25,6.75,11,11.5,7.5,10.5,12,8,6,4.75,6,3.25,3.75,4.25,1.5,3.25,1,2.75,1.25,1,0
StageId=0,0,0,0,0,0,0,0,0,0,0,0,0,0,0,0,0,0,0,0,0,0,0,0,0,0,0,0,0,0,0,0,0,0,0,0,0,0,0,0,0,0,0,0,0,0,0,0,0,0,0,0,0,0.25,0.75,0.75,1,2.25,0.75,1.25,0.5,1.25,0.75,0,2.75,2.75,2.25,6.75,1,3.5,4.5,5.5,3.75,4,3.5,8.5,6,11.5,12,11.25,12.75,17.75,18.25,20.25,12,14,12.75,13.5,14.5,13.25,18,11.5,11,10.25,10,8.5,9,3,3,6.25
StageIIa=0,0,0,0,0,0,0,0,0,0,0,0,0,0,0,0,0,0,0,0,0,0,0,0,0,0,0,0,0,0,0,1,1.5,2,2,1,1.5,2.25,4.25,6.25,8,10.75,11,13.25,12.75,14.5,16,15.25,17.5,17.25,22,28.25,34.25,43.5,50.25,51,55.5,56.75,65.75,74.75,80.75,88.25,103.25,105.5,101,117.75,114.25,130.25,136.5,151.5,167.75,176,185.75,187.5,191.75,200,209.25,223,227,220.75,209.5,201.5,195.5,186.5,165,154,153.75,142,127.25,112.5,97.5,81,72,59.75,45,38.25,30.25,28.75,23.25,12.75
StageIIb=0,0,0,0,0,0,0,0,0,0,0,0,0,0,0,0,0,0,0,0,0,0,0,0,0,0,0,0,0,0,1,0.5,0.5,0,0,1,1.25,2,2,3.75,4,3,3.75,3,6,6.75,3.25,4.25,5.25,10.5,9.75,10.25,14.5,16.5,12.5,14.75,17.25,25.75,23.75,25.25,28.75,41.5,24.75,25.25,45,38,43,39.5,61,56,55.5,52,68,59.75,67.75,68.75,73.5,65.5,62.75,64.5,64.75,62,57,48.5,65.25,56,48,44.75,49.25,36,28.25,26.5,20.5,13,16,11.75,13.75,5.75,2.25,1.25
StageIIc=0,0,0,0,0,0,0,0,0,0,0,0,0,0,0,0,0,0,0,0,0,0,0,0,0,0,0,0,0,0,0,0,1,0,0,0,0,0,0,0,1,0,0.75,0.25,0,0,1.5,1.5,0.75,0.25,0,0.75,0.75,1.5,1,2.25,0.5,2.25,2.5,3.25,5.75,6.75,4.75,1.5,5,4.75,7,10.75,10.25,7,7.25,14,14.25,13.25,12.5,17.25,19.25,9.5,8.75,10.25,19.25,21,16.5,18.25,23.25,29.75,18.75,14.25,17.25,13.75,18.5,11.5,10.75,5.25,7.5,3.25,2,2.75,1.75,0.75
StageIId=0,0,0,0,0,0,0,0,0,0,0,0,0,0,0,0,0,0,0,0,0,0,0,0,0,0,0,0,0,0,0,0,0,0,0,0,0,0,0,0,0,0,0,0,0,0.25,1.75,0,0,0,0.75,0.25,0,0,0,0,0.5,0.25,0.25,1,1,3,2.5,1.5,3,4,5,3.25,5.25,6.25,9.5,5.5,4.5,8.75,8.25,8.5,11.75,8,12.75,15.25,18,13,15.25,20.75,16.75,16.25,16.25,24,27.75,20.5,19.25,21.5,13.25,15.5,15.5,12.5,9.5,10,7.25,8
StageIIIa=0,0,0,0,0,0,0,0,0,0,0,0,0,0,0,0,0,0,0,0,0,0,1,1,1,1,0,0,0,0,2,3,3.25,4,2,1.75,3.5,3,4.25,4.75,4.75,7.25,9,10.25,10.75,10.75,10,14.75,20.25,20.5,27,32.25,33.25,37.75,37.25,37,41.75,58.25,64,67,72.25,66.25,69,73.75,74.25,83,93.5,111,122,124,118.25,112.75,117.25,116.25,129,124.75,110.25,116.5,108.5,112.25,114.75,103.5,93,83,85.75,80.5,75.75,62.75,57.25,56.25,48.25,41.25,37.75,33.5,25.5,22,18.5,14.75,11.75,8.5
StageIIIb=0,0,0,0,0,0,0,0,0,0,0,0,0,0,0,0,0,0,0,0,0,1,0,0,0,0,0,0,0,2,1,0.25,0.75,0,0.75,3,0.25,1.75,1.75,2,2.75,2.5,3,3,3.75,2,8,9,5.75,10.5,12,12,11,13,12,16.75,29.75,24,23.25,24.75,19.25,27.5,28,25.25,32,39.25,45.25,38,36,34,47.25,50,45.25,54.75,46.25,37,46.75,36.75,45.75,42.25,35.75,36,35.75,37.25,33.5,34.25,24.25,25.5,26.75,18.75,19.25,14.75,13.5,8,8,6.75,8.5,4,3,0.75
StageIIIc=0,0,0,0,0,0,0,0,0,0,0,0,0,0,0,0,0,0,0,0,0,0,0.5,0.5,0,0,0,0,0,0,0,0,0,0,0,0,1.25,0.25,0.5,0.5,0,0,0,1,0.75,1.25,0.25,1.5,2,2.25,2.25,2.5,4.75,1.5,6.5,4,3.75,6.5,12.5,12.5,10,8.75,11,8,9.75,10.5,15.75,12.25,10.75,12.25,20.75,26,24.5,26.25,28,32.75,29.75,22.75,17.5,18.75,21.75,31.25,25.5,22.75,21.75,31,26.75,20,18.75,15.5,18.75,10.5,10.75,7.75,8,4.25,3.25,8.25,4.25,1.25
StageIIId=0,0,0,0,0,0,0,0,0,0,0,0,0,0,0,0,0,0,0,0,0,0,0,0,0,0,0,0,0,0,0,0,0,0,0,0,0,0,0,0,0,0,0,0,0,0.25,0.75,0,0,0,0,0,0.75,0.25,0,0,1,1,0.5,1.5,1.75,1,0.5,0.75,1,1.5,0.75,0.5,0.5,4,1,1,1,6,6.75,5.75,5.25,6,6.25,6.5,7.25,5.75,9.25,14,6.25,3.25,7.25,9.25,9,6.5,3.5,8.75,5,7,6,4.25,3.75,4.75,1.5,4.5
StageIVa=0,0,0,0,0,0,0,0,0,0,0,0,0,0,0,0,0,0,0,0,0,0,0,0,0,0.25,1,0.5,0,0.5,0.25,0.25,0.25,0,0,0,0,1,1,1,2,2.25,3.75,3.75,4.25,2,2.75,4,3,3.25,2.25,5.25,7,7.5,7.5,6,7.5,8,10.75,14,9.25,11,10.5,11,15,15.25,18.5,17.5,16.5,17.75,17,14.25,15,17.75,21,22.5,17.25,16.75,17,16.25,16.5,14.75,11,6.5,5.25,5.5,4.75,6.5,5.75,8.5,7.5,6.25,4.5,3.75,4,1.5,0.25,2,3,2.75
StageIVb=0,0,0,0,0,0,0,0,0,0,0,0,0,0,0,0,0,0,0,0,0,0,0,0,0.25,1,0,0,0.5,0.5,0.25,1.25,0,0,0,0.25,1,0,0,1,2.75,2.5,1.5,2,2,2.25,2.5,1.5,2.5,0.25,4.5,6.75,4,6.75,6,7.5,7.75,8.5,12.75,6.5,10.5,10.25,10,13.25,14,18,10,11.5,15.5,11.25,15,13,11.75,13.75,14.5,18.25,16.75,13,16.25,15.25,11.5,8.75,7.25,8.25,7.75,7,10,6.25,9,6.5,5.5,4,3.5,2.75,2,1.75,3,1,0.25,0
StageIVc=0,0,0,0,0,0,0,0,0,0,0,0,0,0,0,0,0,0,0,0,0,0,0,0,0,0.5,0.5,0.75,1,0,0.75,0.75,2.25,0.25,0,0.25,1,0.5,0.25,1.25,0.5,2.25,1.25,3.5,2.25,4.25,3,2.75,5.25,3.75,3.75,5,9.25,7,10.25,10,9,14.75,15,17.75,16,17.75,21.5,15.25,17.25,28.5,27,24.25,22.25,22.5,23,33.75,32,32,33.5,39.25,44.5,32.5,32.25,42,36.25,32,35.75,30.25,22.5,20.75,18.5,19,15.25,14.25,19.5,12.75,9,10.25,11.25,8.5,4,2,2.5,2
StageIVd=0,0,0,0,0,0,0,0,0,0,0,0,0,0,0,0,0,0,0,0,0,0,0,0,0,0,0,0,0,0,0,0,0,0,0,0,0,0,0,0,0,0,0,0,0,0,0,0,0,0,0,0,0,0,0,0,0,0,0,0,0,0,0,1,0,0,0,0.5,1,1.25,0.75,1,0,0,0,1,1,0.5,0.5,0.75,0.25,0.25,1.25,3.25,0.25,0,1.25,2,1.75,0,0,1,1.25,0.75,0,1.25,1.75,1.25,0.25,0
[eval]
Incidence=6778.000000
Mortality=2556.000000
LYlost=276.349568
TotalCosts=6653507.238400
discLYlost=12925.046230
discTotalCosts=348629596.171907
IncidenceReduction=0.000000
MortalityReduction=0.000000
DiscountedLYgained=0.000000
USdollarPerLYG=-nan(ind)
totalTreatCosts=0.000000
totalScreenCosts=0.000000
totalFollowupCosts=0.000000
numberOfScreeningColonoscopies=0
